<component name="libraryTable">
  <library name="junit-platform-engine-1.4.2 (2)">
    <CLASSES>
      <root url="jar://$PROJECT_DIR$/TallerPilas/lib/junit-platform-engine-1.4.2.jar!/" />
    </CLASSES>
    <JAVADOC />
    <SOURCES />
  </library>
</component>