<component name="libraryTable">
  <library name="junit-jupiter-5.4.2">
    <CLASSES>
      <root url="jar://$PROJECT_DIR$/TallerPilas-1/TallerPilas/lib/junit-jupiter-5.4.2.jar!/" />
    </CLASSES>
    <JAVADOC />
    <SOURCES />
  </library>
</component>