<component name="libraryTable">
  <library name="junit-platform-commons-1.4.1">
    <CLASSES>
      <root url="jar://$PROJECT_DIR$/TallerUtilidadPilas/lib/junit-platform-commons-1.4.1.jar!/" />
    </CLASSES>
    <JAVADOC />
    <SOURCES />
  </library>
</component>